\BOOKMARK [0][]{chapter*.1}{\376\377\144\130\000\040\211\201}{}% 1
\BOOKMARK [0][]{chapter*.2}{\376\377\000A\000B\000S\000T\000R\000A\000C\000T}{}% 2
\BOOKMARK [0][]{chapter.1}{\376\377\0001\000\040\176\352\213\272}{}% 3
\BOOKMARK [0][]{chapter.2}{\376\377\0002\000\040\145\207\163\056\176\374\217\360}{}% 4
\BOOKMARK [1][]{section.2.1}{\376\377\0002\000.\0001\000\040\133\236\120\074\171\136\176\317\177\121\176\334\123\321\134\125\123\206\172\013}{chapter.2}% 5
\BOOKMARK [1][]{section.2.2}{\376\377\0002\000.\0002\000\040\131\015\120\074\171\136\176\317\177\121\176\334\166\204\121\164\215\167}{chapter.2}% 6
\BOOKMARK [1][]{section.2.3}{\376\377\0002\000.\0003\000\040\142\223\123\326\162\151\117\123\126\376\120\317\213\306\122\053}{chapter.2}% 7
\BOOKMARK [1][]{section.2.4}{\376\377\0002\000.\0004\000\040\147\072\126\150\116\272\142\223\123\326\173\126\165\145}{chapter.2}% 8
\BOOKMARK [0][]{chapter.3}{\376\377\0003\000\040\121\170\127\213\171\136\176\317\177\121\176\334\150\110\117\213\122\006\147\220}{}% 9
\BOOKMARK [1][]{section.3.1}{\376\377\0003\000.\0001\000\040\127\372\116\216\131\015\120\074\171\136\176\317\177\121\176\334\166\204\147\072\126\150\116\272\146\172\200\375\142\223\123\326}{chapter.3}% 10
\BOOKMARK [2][]{subsection.3.1.1}{\376\377\0003\000.\0001\000.\0001\000\040\116\000\174\173\171\273\145\143\145\366\225\364\131\015\120\074\000H\000o\000p\000f\000i\000e\000l\000d\171\136\176\317\177\121\176\334\166\204\122\006\147\220\116\016\176\374\124\010}{section.3.1}% 11
\BOOKMARK [2][]{subsection.3.1.2}{\376\377\0003\000.\0001\000.\0002\000\040\116\000\174\173\217\336\176\355\131\015\120\074\000\040\000H\000o\000p\000f\000i\000e\000l\000d\000\040\171\136\176\317\177\121\176\334}{section.3.1}% 12
\BOOKMARK [2][]{subsection.3.1.3}{\376\377\0003\000.\0001\000.\0003\000\040\116\000\171\315\121\167\147\011\131\032\120\074\162\266\140\001\166\204\131\015\120\074\000\040\000H\000o\000p\000f\000i\000e\000l\000d\000\040\171\136\176\317\177\121\176\334\152\041\127\213}{section.3.1}% 13
\BOOKMARK [1][]{section.3.2}{\376\377\0003\000.\0002\000\040\127\372\116\216\217\173\221\317\176\247\123\167\171\357\171\136\176\317\177\121\176\334\166\204\147\072\126\150\116\272\146\172\200\375\142\223\123\326}{chapter.3}% 14
\BOOKMARK [2][]{subsection.3.2.1}{\376\377\0003\000.\0002\000.\0001\000\040\147\072\126\150\116\272\142\223\123\326\150\300\155\113\166\204\225\356\230\230\143\317\217\360}{section.3.2}% 15
\BOOKMARK [2][]{subsection.3.2.2}{\376\377\0003\000.\0002\000.\0002\000\040\131\032\152\041\140\001\217\173\221\317\176\247\142\223\123\326\150\300\155\113\152\041\127\213\147\266\147\204}{section.3.2}% 16
\BOOKMARK [2][]{subsection.3.2.3}{\376\377\0003\000.\0002\000.\0003\000\040\000S\000q\000u\000e\000e\000z\000e\000N\000e\000t\217\173\221\317\176\247\123\167\171\357\171\136\176\317\177\121\176\334\147\266\147\204}{section.3.2}% 17
\BOOKMARK [1][]{section.3.3}{\376\377\0003\000.\0003\000\040\127\372\116\216\176\247\200\124\123\167\171\357\171\136\176\317\177\121\176\334\166\204\147\072\126\150\116\272\146\172\200\375\142\223\123\326}{chapter.3}% 18
\BOOKMARK [2][]{subsection.3.3.1}{\376\377\0003\000.\0003\000.\0001\000\040\147\072\126\150\116\272\142\223\123\326\150\300\155\113\166\204\225\356\230\230}{section.3.3}% 19
\BOOKMARK [2][]{subsection.3.3.2}{\376\377\0003\000.\0003\000.\0002\000\040\147\072\126\150\116\272\142\223\123\326\225\356\230\230\143\317\217\360}{section.3.3}% 20
\BOOKMARK [2][]{subsection.3.3.3}{\376\377\0003\000.\0003\000.\0003\000\040\000R\000-\000F\000C\000N\116\016\000A\000n\000g\000l\000e\000-\000N\000e\000t\176\247\200\124\166\204\142\223\123\326\150\300\155\113\126\150}{section.3.3}% 21
\BOOKMARK [1][]{section.3.4}{\376\377\0003\000.\0004\000\040\210\150\150\074\176\330\122\066\171\072\117\213}{chapter.3}% 22
\BOOKMARK [0][]{chapter*.14}{\376\377\176\323\000\040\213\272}{}% 23
\BOOKMARK [0][]{chapter*.15}{\376\377\123\302\200\003\145\207\163\056}{}% 24
\BOOKMARK [0][]{chapter*.16}{\376\377\123\237\122\033\140\047\130\360\146\016}{}% 25
\BOOKMARK [0][]{chapter*.17}{\376\377\201\364\000\040\214\042}{}% 26
